<?xml version="1.0" encoding="UTF-8"?>
<coverage generated="1760806757375" clover="3.2.0">
  <project timestamp="1760806757375" name="All files">
    <metrics statements="83" coveredstatements="15" conditionals="51" coveredconditionals="22" methods="12" coveredmethods="1" elements="146" coveredelements="38" complexity="0" loc="83" ncloc="83" packages="2" files="2" classes="2"/>
    <package name="lib">
      <metrics statements="15" coveredstatements="15" conditionals="23" coveredconditionals="22" methods="1" coveredmethods="1"/>
      <file name="csvValidator.js" path="/Users/divyanshseth/Documents/dev/streamoid/lib/csvValidator.js">
        <metrics statements="15" coveredstatements="15" conditionals="23" coveredconditionals="22" methods="1" coveredmethods="1"/>
        <line num="2" count="50" type="stmt"/>
        <line num="4" count="50" type="stmt"/>
        <line num="5" count="50" type="stmt"/>
        <line num="6" count="250" type="cond" truecount="4" falsecount="0"/>
        <line num="7" count="13" type="stmt"/>
        <line num="11" count="50" type="stmt"/>
        <line num="12" count="50" type="stmt"/>
        <line num="13" count="50" type="cond" truecount="4" falsecount="0"/>
        <line num="15" count="50" type="cond" truecount="2" falsecount="0"/>
        <line num="16" count="50" type="cond" truecount="2" falsecount="0"/>
        <line num="17" count="50" type="cond" truecount="1" falsecount="1"/>
        <line num="19" count="50" type="cond" truecount="5" falsecount="0"/>
        <line num="20" count="50" type="cond" truecount="4" falsecount="0"/>
        <line num="23" count="50" type="stmt"/>
        <line num="27" count="2" type="stmt"/>
      </file>
    </package>
    <package name="routes">
      <metrics statements="68" coveredstatements="0" conditionals="28" coveredconditionals="0" methods="11" coveredmethods="0"/>
      <file name="products.js" path="/Users/divyanshseth/Documents/dev/streamoid/routes/products.js">
        <metrics statements="68" coveredstatements="0" conditionals="28" coveredconditionals="0" methods="11" coveredmethods="0"/>
        <line num="1" count="0" type="stmt"/>
        <line num="2" count="0" type="stmt"/>
        <line num="3" count="0" type="stmt"/>
        <line num="4" count="0" type="stmt"/>
        <line num="5" count="0" type="stmt"/>
        <line num="6" count="0" type="stmt"/>
        <line num="7" count="0" type="stmt"/>
        <line num="8" count="0" type="stmt"/>
        <line num="11" count="0" type="stmt"/>
        <line num="12" count="0" type="cond" truecount="0" falsecount="2"/>
        <line num="13" count="0" type="cond" truecount="0" falsecount="2"/>
        <line num="14" count="0" type="stmt"/>
        <line num="16" count="0" type="stmt"/>
        <line num="20" count="0" type="stmt"/>
        <line num="21" count="0" type="stmt"/>
        <line num="23" count="0" type="stmt"/>
        <line num="36" count="0" type="stmt"/>
        <line num="37" count="0" type="cond" truecount="0" falsecount="4"/>
        <line num="39" count="0" type="stmt"/>
        <line num="40" count="0" type="stmt"/>
        <line num="41" count="0" type="stmt"/>
        <line num="42" count="0" type="stmt"/>
        <line num="44" count="0" type="stmt"/>
        <line num="45" count="0" type="stmt"/>
        <line num="46" count="0" type="stmt"/>
        <line num="47" count="0" type="stmt"/>
        <line num="49" count="0" type="stmt"/>
        <line num="55" count="0" type="stmt"/>
        <line num="56" count="0" type="stmt"/>
        <line num="57" count="0" type="cond" truecount="0" falsecount="2"/>
        <line num="58" count="0" type="stmt"/>
        <line num="59" count="0" type="cond" truecount="0" falsecount="2"/>
        <line num="60" count="0" type="stmt"/>
        <line num="61" count="0" type="stmt"/>
        <line num="64" count="0" type="stmt"/>
        <line num="75" count="0" type="stmt"/>
        <line num="76" count="0" type="stmt"/>
        <line num="77" count="0" type="stmt"/>
        <line num="79" count="0" type="stmt"/>
        <line num="84" count="0" type="stmt"/>
        <line num="86" count="0" type="stmt"/>
        <line num="87" count="0" type="stmt"/>
        <line num="89" count="0" type="stmt"/>
        <line num="93" count="0" type="stmt"/>
        <line num="94" count="0" type="stmt"/>
        <line num="96" count="0" type="stmt"/>
        <line num="97" count="0" type="stmt"/>
        <line num="103" count="0" type="stmt"/>
        <line num="104" count="0" type="stmt"/>
        <line num="106" count="0" type="stmt"/>
        <line num="108" count="0" type="stmt"/>
        <line num="109" count="0" type="stmt"/>
        <line num="113" count="0" type="stmt"/>
        <line num="114" count="0" type="stmt"/>
        <line num="116" count="0" type="stmt"/>
        <line num="118" count="0" type="stmt"/>
        <line num="119" count="0" type="cond" truecount="0" falsecount="2"/>
        <line num="120" count="0" type="cond" truecount="0" falsecount="2"/>
        <line num="121" count="0" type="cond" truecount="0" falsecount="2"/>
        <line num="122" count="0" type="cond" truecount="0" falsecount="2"/>
        <line num="125" count="0" type="stmt"/>
        <line num="126" count="0" type="stmt"/>
        <line num="127" count="0" type="stmt"/>
        <line num="130" count="0" type="stmt"/>
        <line num="137" count="0" type="stmt"/>
        <line num="139" count="0" type="stmt"/>
        <line num="140" count="0" type="stmt"/>
        <line num="145" count="0" type="stmt"/>
      </file>
    </package>
  </project>
</coverage>
