{"/Users/divyanshseth/Documents/dev/streamoid/lib/csvValidator.js": {"path":"/Users/divyanshseth/Documents/dev/streamoid/lib/csvValidator.js","statementMap":{"0":{"start":{"line":2,"column":19},"end":{"line":2,"column":21}},"1":{"start":{"line":4,"column":21},"end":{"line":4,"column":61}},"2":{"start":{"line":5,"column":4},"end":{"line":9,"column":5}},"3":{"start":{"line":6,"column":8},"end":{"line":8,"column":9}},"4":{"start":{"line":7,"column":12},"end":{"line":7,"column":44}},"5":{"start":{"line":11,"column":16},"end":{"line":11,"column":31}},"6":{"start":{"line":12,"column":18},"end":{"line":12,"column":35}},"7":{"start":{"line":13,"column":16},"end":{"line":13,"column":92}},"8":{"start":{"line":15,"column":4},"end":{"line":15,"column":63}},"9":{"start":{"line":15,"column":27},"end":{"line":15,"column":63}},"10":{"start":{"line":16,"column":4},"end":{"line":16,"column":67}},"11":{"start":{"line":16,"column":29},"end":{"line":16,"column":67}},"12":{"start":{"line":17,"column":4},"end":{"line":17,"column":68}},"13":{"start":{"line":17,"column":27},"end":{"line":17,"column":68}},"14":{"start":{"line":19,"column":4},"end":{"line":19,"column":102}},"15":{"start":{"line":19,"column":67},"end":{"line":19,"column":102}},"16":{"start":{"line":20,"column":4},"end":{"line":20,"column":75}},"17":{"start":{"line":20,"column":39},"end":{"line":20,"column":75}},"18":{"start":{"line":23,"column":4},"end":{"line":23,"column":50}},"19":{"start":{"line":27,"column":0},"end":{"line":27,"column":33}}},"fnMap":{"0":{"name":"validateRow","decl":{"start":{"line":1,"column":9},"end":{"line":1,"column":20}},"loc":{"start":{"line":1,"column":26},"end":{"line":24,"column":1}},"line":1}},"branchMap":{"0":{"loc":{"start":{"line":6,"column":8},"end":{"line":8,"column":9}},"type":"if","locations":[{"start":{"line":6,"column":8},"end":{"line":8,"column":9}},{"start":{},"end":{}}],"line":6},"1":{"loc":{"start":{"line":6,"column":12},"end":{"line":6,"column":35}},"type":"binary-expr","locations":[{"start":{"line":6,"column":12},"end":{"line":6,"column":19}},{"start":{"line":6,"column":23},"end":{"line":6,"column":35}}],"line":6},"2":{"loc":{"start":{"line":13,"column":16},"end":{"line":13,"column":92}},"type":"cond-expr","locations":[{"start":{"line":13,"column":68},"end":{"line":13,"column":88}},{"start":{"line":13,"column":91},"end":{"line":13,"column":92}}],"line":13},"3":{"loc":{"start":{"line":13,"column":16},"end":{"line":13,"column":65}},"type":"binary-expr","locations":[{"start":{"line":13,"column":16},"end":{"line":13,"column":42}},{"start":{"line":13,"column":46},"end":{"line":13,"column":65}}],"line":13},"4":{"loc":{"start":{"line":15,"column":4},"end":{"line":15,"column":63}},"type":"if","locations":[{"start":{"line":15,"column":4},"end":{"line":15,"column":63}},{"start":{},"end":{}}],"line":15},"5":{"loc":{"start":{"line":16,"column":4},"end":{"line":16,"column":67}},"type":"if","locations":[{"start":{"line":16,"column":4},"end":{"line":16,"column":67}},{"start":{},"end":{}}],"line":16},"6":{"loc":{"start":{"line":17,"column":4},"end":{"line":17,"column":68}},"type":"if","locations":[{"start":{"line":17,"column":4},"end":{"line":17,"column":68}},{"start":{},"end":{}}],"line":17},"7":{"loc":{"start":{"line":19,"column":4},"end":{"line":19,"column":102}},"type":"if","locations":[{"start":{"line":19,"column":4},"end":{"line":19,"column":102}},{"start":{},"end":{}}],"line":19},"8":{"loc":{"start":{"line":19,"column":8},"end":{"line":19,"column":65}},"type":"binary-expr","locations":[{"start":{"line":19,"column":8},"end":{"line":19,"column":26}},{"start":{"line":19,"column":30},"end":{"line":19,"column":50}},{"start":{"line":19,"column":54},"end":{"line":19,"column":65}}],"line":19},"9":{"loc":{"start":{"line":20,"column":4},"end":{"line":20,"column":75}},"type":"if","locations":[{"start":{"line":20,"column":4},"end":{"line":20,"column":75}},{"start":{},"end":{}}],"line":20},"10":{"loc":{"start":{"line":20,"column":8},"end":{"line":20,"column":37}},"type":"binary-expr","locations":[{"start":{"line":20,"column":8},"end":{"line":20,"column":26}},{"start":{"line":20,"column":30},"end":{"line":20,"column":37}}],"line":20}},"s":{"0":50,"1":50,"2":50,"3":250,"4":13,"5":50,"6":50,"7":50,"8":50,"9":4,"10":50,"11":1,"12":50,"13":0,"14":50,"15":5,"16":50,"17":4,"18":50,"19":2},"f":{"0":50},"b":{"0":[13,237],"1":[250,13],"2":[45,5],"3":[50,45],"4":[4,46],"5":[1,49],"6":[0,50],"7":[5,45],"8":[50,46,46],"9":[4,46],"10":[50,50]},"_coverageSchema":"1a1c01bbd47fc00a2c39e90264f33305004495a9","hash":"d867f00485aaafa3d6c97603a006ac447e76c237"}
,"/Users/divyanshseth/Documents/dev/streamoid/routes/products.js": {"path":"/Users/divyanshseth/Documents/dev/streamoid/routes/products.js","statementMap":{"0":{"start":{"line":1,"column":16},"end":{"line":1,"column":34}},"1":{"start":{"line":2,"column":15},"end":{"line":2,"column":32}},"2":{"start":{"line":3,"column":11},"end":{"line":3,"column":24}},"3":{"start":{"line":4,"column":12},"end":{"line":4,"column":33}},"4":{"start":{"line":5,"column":13},"end":{"line":5,"column":34}},"5":{"start":{"line":6,"column":24},"end":{"line":6,"column":54}},"6":{"start":{"line":7,"column":15},"end":{"line":7,"column":31}},"7":{"start":{"line":8,"column":15},"end":{"line":8,"column":43}},"8":{"start":{"line":11,"column":28},"end":{"line":17,"column":1}},"9":{"start":{"line":12,"column":17},"end":{"line":12,"column":61}},"10":{"start":{"line":13,"column":18},"end":{"line":13,"column":79}},"11":{"start":{"line":14,"column":19},"end":{"line":14,"column":37}},"12":{"start":{"line":16,"column":4},"end":{"line":16,"column":35}},"13":{"start":{"line":20,"column":32},"end":{"line":34,"column":1}},"14":{"start":{"line":21,"column":23},"end":{"line":21,"column":47}},"15":{"start":{"line":23,"column":4},"end":{"line":33,"column":6}},"16":{"start":{"line":36,"column":0},"end":{"line":91,"column":3}},"17":{"start":{"line":37,"column":4},"end":{"line":37,"column":105}},"18":{"start":{"line":37,"column":46},"end":{"line":37,"column":105}},"19":{"start":{"line":39,"column":21},"end":{"line":39,"column":38}},"20":{"start":{"line":40,"column":20},"end":{"line":40,"column":22}},"21":{"start":{"line":41,"column":19},"end":{"line":41,"column":21}},"22":{"start":{"line":42,"column":17},"end":{"line":42,"column":18}},"23":{"start":{"line":44,"column":4},"end":{"line":90,"column":5}},"24":{"start":{"line":45,"column":8},"end":{"line":53,"column":11}},"25":{"start":{"line":46,"column":12},"end":{"line":52,"column":37}},"26":{"start":{"line":47,"column":56},"end":{"line":47,"column":69}},"27":{"start":{"line":49,"column":20},"end":{"line":49,"column":39}},"28":{"start":{"line":55,"column":8},"end":{"line":82,"column":11}},"29":{"start":{"line":56,"column":12},"end":{"line":81,"column":13}},"30":{"start":{"line":57,"column":26},"end":{"line":57,"column":114}},"31":{"start":{"line":57,"column":81},"end":{"line":57,"column":112}},"32":{"start":{"line":58,"column":42},"end":{"line":58,"column":56}},"33":{"start":{"line":59,"column":16},"end":{"line":62,"column":17}},"34":{"start":{"line":60,"column":20},"end":{"line":60,"column":52}},"35":{"start":{"line":61,"column":20},"end":{"line":61,"column":29}},"36":{"start":{"line":64,"column":32},"end":{"line":73,"column":17}},"37":{"start":{"line":75,"column":16},"end":{"line":80,"column":17}},"38":{"start":{"line":76,"column":20},"end":{"line":76,"column":84}},"39":{"start":{"line":77,"column":20},"end":{"line":77,"column":32}},"40":{"start":{"line":79,"column":20},"end":{"line":79,"column":65}},"41":{"start":{"line":84,"column":8},"end":{"line":84,"column":52}},"42":{"start":{"line":86,"column":8},"end":{"line":86,"column":27}},"43":{"start":{"line":87,"column":8},"end":{"line":87,"column":87}},"44":{"start":{"line":89,"column":8},"end":{"line":89,"column":39}},"45":{"start":{"line":93,"column":0},"end":{"line":111,"column":3}},"46":{"start":{"line":94,"column":36},"end":{"line":94,"column":66}},"47":{"start":{"line":96,"column":4},"end":{"line":110,"column":5}},"48":{"start":{"line":97,"column":21},"end":{"line":101,"column":27}},"49":{"start":{"line":103,"column":28},"end":{"line":103,"column":72}},"50":{"start":{"line":104,"column":22},"end":{"line":104,"column":41}},"51":{"start":{"line":106,"column":8},"end":{"line":106,"column":68}},"52":{"start":{"line":108,"column":8},"end":{"line":108,"column":27}},"53":{"start":{"line":109,"column":8},"end":{"line":109,"column":74}},"54":{"start":{"line":113,"column":0},"end":{"line":142,"column":3}},"55":{"start":{"line":114,"column":36},"end":{"line":114,"column":66}},"56":{"start":{"line":116,"column":4},"end":{"line":141,"column":5}},"57":{"start":{"line":118,"column":26},"end":{"line":118,"column":42}},"58":{"start":{"line":119,"column":8},"end":{"line":119,"column":71}},"59":{"start":{"line":119,"column":29},"end":{"line":119,"column":71}},"60":{"start":{"line":120,"column":8},"end":{"line":120,"column":71}},"61":{"start":{"line":120,"column":29},"end":{"line":120,"column":71}},"62":{"start":{"line":121,"column":8},"end":{"line":121,"column":97}},"63":{"start":{"line":121,"column":32},"end":{"line":121,"column":97}},"64":{"start":{"line":122,"column":8},"end":{"line":122,"column":97}},"65":{"start":{"line":122,"column":32},"end":{"line":122,"column":97}},"66":{"start":{"line":125,"column":27},"end":{"line":125,"column":66}},"67":{"start":{"line":126,"column":28},"end":{"line":126,"column":44}},"68":{"start":{"line":127,"column":22},"end":{"line":127,"column":41}},"69":{"start":{"line":130,"column":21},"end":{"line":135,"column":27}},"70":{"start":{"line":137,"column":8},"end":{"line":137,"column":68}},"71":{"start":{"line":139,"column":8},"end":{"line":139,"column":27}},"72":{"start":{"line":140,"column":8},"end":{"line":140,"column":74}},"73":{"start":{"line":145,"column":0},"end":{"line":145,"column":24}}},"fnMap":{"0":{"name":"(anonymous_0)","decl":{"start":{"line":11,"column":28},"end":{"line":11,"column":29}},"loc":{"start":{"line":11,"column":39},"end":{"line":17,"column":1}},"line":11},"1":{"name":"(anonymous_1)","decl":{"start":{"line":20,"column":32},"end":{"line":20,"column":33}},"loc":{"start":{"line":20,"column":62},"end":{"line":34,"column":1}},"line":20},"2":{"name":"(anonymous_2)","decl":{"start":{"line":36,"column":37},"end":{"line":36,"column":38}},"loc":{"start":{"line":36,"column":57},"end":{"line":91,"column":1}},"line":36},"3":{"name":"(anonymous_3)","decl":{"start":{"line":45,"column":26},"end":{"line":45,"column":27}},"loc":{"start":{"line":45,"column":47},"end":{"line":53,"column":9}},"line":45},"4":{"name":"(anonymous_4)","decl":{"start":{"line":47,"column":40},"end":{"line":47,"column":41}},"loc":{"start":{"line":47,"column":56},"end":{"line":47,"column":69}},"line":47},"5":{"name":"(anonymous_5)","decl":{"start":{"line":48,"column":28},"end":{"line":48,"column":29}},"loc":{"start":{"line":48,"column":38},"end":{"line":50,"column":17}},"line":48},"6":{"name":"(anonymous_6)","decl":{"start":{"line":55,"column":31},"end":{"line":55,"column":32}},"loc":{"start":{"line":55,"column":46},"end":{"line":82,"column":9}},"line":55},"7":{"name":"(anonymous_7)","decl":{"start":{"line":57,"column":69},"end":{"line":57,"column":70}},"loc":{"start":{"line":57,"column":81},"end":{"line":57,"column":112}},"line":57},"8":{"name":"(anonymous_8)","decl":{"start":{"line":89,"column":28},"end":{"line":89,"column":29}},"loc":{"start":{"line":89,"column":34},"end":{"line":89,"column":37}},"line":89},"9":{"name":"(anonymous_9)","decl":{"start":{"line":93,"column":24},"end":{"line":93,"column":25}},"loc":{"start":{"line":93,"column":44},"end":{"line":111,"column":1}},"line":93},"10":{"name":"(anonymous_10)","decl":{"start":{"line":113,"column":31},"end":{"line":113,"column":32}},"loc":{"start":{"line":113,"column":51},"end":{"line":142,"column":1}},"line":113}},"branchMap":{"0":{"loc":{"start":{"line":12,"column":38},"end":{"line":12,"column":55}},"type":"binary-expr","locations":[{"start":{"line":12,"column":38},"end":{"line":12,"column":48}},{"start":{"line":12,"column":52},"end":{"line":12,"column":55}}],"line":12},"1":{"loc":{"start":{"line":13,"column":53},"end":{"line":13,"column":72}},"type":"binary-expr","locations":[{"start":{"line":13,"column":53},"end":{"line":13,"column":64}},{"start":{"line":13,"column":68},"end":{"line":13,"column":72}}],"line":13},"2":{"loc":{"start":{"line":37,"column":4},"end":{"line":37,"column":105}},"type":"if","locations":[{"start":{"line":37,"column":4},"end":{"line":37,"column":105}},{"start":{},"end":{}}],"line":37},"3":{"loc":{"start":{"line":37,"column":8},"end":{"line":37,"column":44}},"type":"binary-expr","locations":[{"start":{"line":37,"column":8},"end":{"line":37,"column":18}},{"start":{"line":37,"column":22},"end":{"line":37,"column":44}}],"line":37},"4":{"loc":{"start":{"line":57,"column":92},"end":{"line":57,"column":111}},"type":"cond-expr","locations":[{"start":{"line":57,"column":103},"end":{"line":57,"column":107}},{"start":{"line":57,"column":110},"end":{"line":57,"column":111}}],"line":57},"5":{"loc":{"start":{"line":59,"column":16},"end":{"line":62,"column":17}},"type":"if","locations":[{"start":{"line":59,"column":16},"end":{"line":62,"column":17}},{"start":{},"end":{}}],"line":59},"6":{"loc":{"start":{"line":68,"column":27},"end":{"line":68,"column":42}},"type":"binary-expr","locations":[{"start":{"line":68,"column":27},"end":{"line":68,"column":34}},{"start":{"line":68,"column":38},"end":{"line":68,"column":42}}],"line":68},"7":{"loc":{"start":{"line":69,"column":26},"end":{"line":69,"column":40}},"type":"binary-expr","locations":[{"start":{"line":69,"column":26},"end":{"line":69,"column":32}},{"start":{"line":69,"column":36},"end":{"line":69,"column":40}}],"line":69},"8":{"loc":{"start":{"line":72,"column":30},"end":{"line":72,"column":108}},"type":"cond-expr","locations":[{"start":{"line":72,"column":80},"end":{"line":72,"column":104}},{"start":{"line":72,"column":107},"end":{"line":72,"column":108}}],"line":72},"9":{"loc":{"start":{"line":72,"column":30},"end":{"line":72,"column":77}},"type":"binary-expr","locations":[{"start":{"line":72,"column":30},"end":{"line":72,"column":49}},{"start":{"line":72,"column":53},"end":{"line":72,"column":77}}],"line":72},"10":{"loc":{"start":{"line":119,"column":8},"end":{"line":119,"column":71}},"type":"if","locations":[{"start":{"line":119,"column":8},"end":{"line":119,"column":71}},{"start":{},"end":{}}],"line":119},"11":{"loc":{"start":{"line":120,"column":8},"end":{"line":120,"column":71}},"type":"if","locations":[{"start":{"line":120,"column":8},"end":{"line":120,"column":71}},{"start":{},"end":{}}],"line":120},"12":{"loc":{"start":{"line":121,"column":8},"end":{"line":121,"column":97}},"type":"if","locations":[{"start":{"line":121,"column":8},"end":{"line":121,"column":97}},{"start":{},"end":{}}],"line":121},"13":{"loc":{"start":{"line":122,"column":8},"end":{"line":122,"column":97}},"type":"if","locations":[{"start":{"line":122,"column":8},"end":{"line":122,"column":97}},{"start":{},"end":{}}],"line":122}},"s":{"0":0,"1":0,"2":0,"3":0,"4":0,"5":0,"6":0,"7":0,"8":0,"9":0,"10":0,"11":0,"12":0,"13":0,"14":0,"15":0,"16":0,"17":0,"18":0,"19":0,"20":0,"21":0,"22":0,"23":0,"24":0,"25":0,"26":0,"27":0,"28":0,"29":0,"30":0,"31":0,"32":0,"33":0,"34":0,"35":0,"36":0,"37":0,"38":0,"39":0,"40":0,"41":0,"42":0,"43":0,"44":0,"45":0,"46":0,"47":0,"48":0,"49":0,"50":0,"51":0,"52":0,"53":0,"54":0,"55":0,"56":0,"57":0,"58":0,"59":0,"60":0,"61":0,"62":0,"63":0,"64":0,"65":0,"66":0,"67":0,"68":0,"69":0,"70":0,"71":0,"72":0,"73":0},"f":{"0":0,"1":0,"2":0,"3":0,"4":0,"5":0,"6":0,"7":0,"8":0,"9":0,"10":0},"b":{"0":[0,0],"1":[0,0],"2":[0,0],"3":[0,0],"4":[0,0],"5":[0,0],"6":[0,0],"7":[0,0],"8":[0,0],"9":[0,0],"10":[0,0],"11":[0,0],"12":[0,0],"13":[0,0]}}
}
