TN:
SF:lib/csvValidator.js
FN:1,validateRow
FNF:1
FNH:1
FNDA:50,validateRow
DA:2,50
DA:4,50
DA:5,50
DA:6,250
DA:7,13
DA:11,50
DA:12,50
DA:13,50
DA:15,50
DA:16,50
DA:17,50
DA:19,50
DA:20,50
DA:23,50
DA:27,2
LF:15
LH:15
BRDA:6,0,0,13
BRDA:6,0,1,237
BRDA:6,1,0,250
BRDA:6,1,1,13
BRDA:13,2,0,45
BRDA:13,2,1,5
BRDA:13,3,0,50
BRDA:13,3,1,45
BRDA:15,4,0,4
BRDA:15,4,1,46
BRDA:16,5,0,1
BRDA:16,5,1,49
BRDA:17,6,0,0
BRDA:17,6,1,50
BRDA:19,7,0,5
BRDA:19,7,1,45
BRDA:19,8,0,50
BRDA:19,8,1,46
BRDA:19,8,2,46
BRDA:20,9,0,4
BRDA:20,9,1,46
BRDA:20,10,0,50
BRDA:20,10,1,50
BRF:23
BRH:22
end_of_record
TN:
SF:routes/products.js
FN:11,(anonymous_0)
FN:20,(anonymous_1)
FN:36,(anonymous_2)
FN:45,(anonymous_3)
FN:47,(anonymous_4)
FN:48,(anonymous_5)
FN:55,(anonymous_6)
FN:57,(anonymous_7)
FN:89,(anonymous_8)
FN:93,(anonymous_9)
FN:113,(anonymous_10)
FNF:11
FNH:0
FNDA:0,(anonymous_0)
FNDA:0,(anonymous_1)
FNDA:0,(anonymous_2)
FNDA:0,(anonymous_3)
FNDA:0,(anonymous_4)
FNDA:0,(anonymous_5)
FNDA:0,(anonymous_6)
FNDA:0,(anonymous_7)
FNDA:0,(anonymous_8)
FNDA:0,(anonymous_9)
FNDA:0,(anonymous_10)
DA:1,0
DA:2,0
DA:3,0
DA:4,0
DA:5,0
DA:6,0
DA:7,0
DA:8,0
DA:11,0
DA:12,0
DA:13,0
DA:14,0
DA:16,0
DA:20,0
DA:21,0
DA:23,0
DA:36,0
DA:37,0
DA:39,0
DA:40,0
DA:41,0
DA:42,0
DA:44,0
DA:45,0
DA:46,0
DA:47,0
DA:49,0
DA:55,0
DA:56,0
DA:57,0
DA:58,0
DA:59,0
DA:60,0
DA:61,0
DA:64,0
DA:75,0
DA:76,0
DA:77,0
DA:79,0
DA:84,0
DA:86,0
DA:87,0
DA:89,0
DA:93,0
DA:94,0
DA:96,0
DA:97,0
DA:103,0
DA:104,0
DA:106,0
DA:108,0
DA:109,0
DA:113,0
DA:114,0
DA:116,0
DA:118,0
DA:119,0
DA:120,0
DA:121,0
DA:122,0
DA:125,0
DA:126,0
DA:127,0
DA:130,0
DA:137,0
DA:139,0
DA:140,0
DA:145,0
LF:68
LH:0
BRDA:12,0,0,0
BRDA:12,0,1,0
BRDA:13,1,0,0
BRDA:13,1,1,0
BRDA:37,2,0,0
BRDA:37,2,1,0
BRDA:37,3,0,0
BRDA:37,3,1,0
BRDA:57,4,0,0
BRDA:57,4,1,0
BRDA:59,5,0,0
BRDA:59,5,1,0
BRDA:68,6,0,0
BRDA:68,6,1,0
BRDA:69,7,0,0
BRDA:69,7,1,0
BRDA:72,8,0,0
BRDA:72,8,1,0
BRDA:72,9,0,0
BRDA:72,9,1,0
BRDA:119,10,0,0
BRDA:119,10,1,0
BRDA:120,11,0,0
BRDA:120,11,1,0
BRDA:121,12,0,0
BRDA:121,12,1,0
BRDA:122,13,0,0
BRDA:122,13,1,0
BRF:28
BRH:0
end_of_record
